mobile-android/app/build/outputs/mapping/release/seeds.txt
com.kash.KashApplication
com.kash.data.sync.SyncWorker
com.kash.data.local.KashDatabase
com.kash.data.local.KashDatabase_Impl
com.kash.MainActivity_GeneratedInjector
com.kash.KashApplication_GeneratedInjector
com.kash.data.remote.api.KashApiService
com.kash.MainActivity
com.kash.data.remote.api.KashApiService: java.lang.Object register(com.kash.data.remote.dto.AuthDto$RegisterRequest,kotlin.coroutines.Continuation)
com.kash.data.local.KashDatabase: KashDatabase()
com.kash.data.remote.api.KashApiService: java.lang.Object postLoss(com.kash.data.remote.dto.LossDto,kotlin.coroutines.Continuation)
com.kash.data.sync.SyncWorker: SyncWorker(android.content.Context,androidx.work.WorkerParameters,com.kash.data.local.dao.TransactionDao,com.kash.data.local.dao.ProductDao,com.kash.data.local.dao.SaleDao,com.kash.data.local.dao.LossDao,com.kash.data.remote.api.KashApiService)
com.kash.presentation.history.HistoryPeriod: com.kash.presentation.history.HistoryPeriod[] values()
com.kash.presentation.history.HistoryPeriod: com.kash.presentation.history.HistoryPeriod valueOf(java.lang.String)
com.kash.data.local.entity.SyncStatus: com.kash.data.local.entity.SyncStatus valueOf(java.lang.String)
com.kash.data.local.entity.TransactionType: com.kash.data.local.entity.TransactionType valueOf(java.lang.String)
com.kash.data.remote.api.KashApiService: java.lang.Object login(com.kash.data.remote.dto.AuthDto$LoginRequest,kotlin.coroutines.Continuation)
com.kash.presentation.insights.Period: com.kash.presentation.insights.Period[] values()
com.kash.data.local.KashDatabase_Impl: KashDatabase_Impl()
com.kash.data.remote.api.KashApiService: java.lang.Object postProduct(com.kash.data.remote.dto.ProductDto,kotlin.coroutines.Continuation)
com.kash.data.local.entity.ProductTransactionType: com.kash.data.local.entity.ProductTransactionType valueOf(java.lang.String)
com.kash.MainActivity: MainActivity()
com.kash.presentation.history.HistoryFilter: com.kash.presentation.history.HistoryFilter[] values()
com.kash.data.remote.api.KashApiService: java.lang.Object postTransaction(com.kash.data.remote.dto.TransactionDto,kotlin.coroutines.Continuation)
com.kash.data.local.entity.SyncStatus: com.kash.data.local.entity.SyncStatus[] values()
com.kash.KashApplication: KashApplication()
com.kash.data.remote.api.KashApiService: java.lang.Object postSale(com.kash.data.remote.dto.SaleDto,kotlin.coroutines.Continuation)
com.kash.presentation.insights.Period: com.kash.presentation.insights.Period valueOf(java.lang.String)
com.kash.presentation.history.HistoryFilter: com.kash.presentation.history.HistoryFilter valueOf(java.lang.String)
com.kash.data.local.entity.ProductTransactionType: com.kash.data.local.entity.ProductTransactionType[] values()
com.kash.data.remote.api.KashApiService: java.lang.Object loginWithGoogle(com.kash.data.remote.dto.AuthDto$GoogleLoginRequest,kotlin.coroutines.Continuation)
com.kash.data.local.entity.TransactionType: com.kash.data.local.entity.TransactionType[] values()
...
androidx.core.view.ViewCompat$Api21Impl: android.content.res.ColorStateList getBackgroundTintList(android.view.View)
androidx.work.OutOfQuotaPolicy: androidx.work.OutOfQuotaPolicy[] values()
androidx.core.view.ViewCompat$Api23Impl: int getScrollIndicators(android.view.View)
okhttp3.internal.http2.ErrorCode: okhttp3.internal.http2.ErrorCode[] values()
com.google.android.gms.common.ErrorDialogFragment: ErrorDialogFragment()
androidx.navigation.serialization.RouteBuilder$ParamType: androidx.navigation.serialization.RouteBuilder$ParamType valueOf(java.lang.String)
androidx.compose.ui.text.style.ResolvedTextDirection: androidx.compose.ui.text.style.ResolvedTextDirection valueOf(java.lang.String)
com.google.gson.ToNumberPolicy: com.google.gson.ToNumberPolicy[] values()
androidx.core.view.WindowInsetsCompat$Impl29: WindowInsetsCompat$Impl29(androidx.core.view.WindowInsetsCompat,androidx.core.view.WindowInsetsCompat$Impl29)
androidx.work.impl.workers.ConstraintTrackingWorker: ConstraintTrackingWorker(android.content.Context,androidx.work.WorkerParameters)
androidx.core.os.BundleCompat$Api33Impl: java.lang.Object getParcelable(android.os.Bundle,java.lang.String,java.lang.Class)
androidx.core.view.WindowInsetsCompat$Impl20: void copyWindowDataInto(androidx.core.view.WindowInsetsCompat)
androidx.core.view.ViewConfigurationCompat$Api26Impl: float getScaledVerticalScrollFactor(android.view.ViewConfiguration)
androidx.compose.foundation.text.input.internal.HandwritingGestureApi34: int performSelectRangeGesture(androidx.compose.foundation.text.input.internal.TransformedTextFieldState,android.view.inputmethod.SelectRangeGesture,androidx.compose.foundation.text.input.internal.TextLayoutState)
androidx.work.OverwritingInputMerger: OverwritingInputMerger()
androidx.compose.ui.platform.AndroidComposeView: androidx.compose.ui.unit.Density getDensity()
androidx.activity.Api34Impl: float touchY(android.window.BackEvent)
androidx.core.graphics.drawable.IconCompat$Api28Impl: android.net.Uri getUri(java.lang.Object)
androidx.work.impl.background.systemjob.SystemJobService$Api24Impl: android.net.Uri[] getTriggeredContentUris(android.app.job.JobParameters)
androidx.lifecycle.ReportFragment$LifecycleCallbacks: void onActivityPostResumed(android.app.Activity)
androidx.core.app.NotificationCompatBuilder$Api24Impl: android.app.Notification$Builder setCustomContentView(android.app.Notification$Builder,android.widget.RemoteViews)
androidx.compose.ui.text.android.CanvasCompatR: boolean quickReject(android.graphics.Canvas,android.graphics.RectF)
androidx.compose.ui.platform.AndroidComposeView: androidx.compose.ui.platform.AndroidViewsHandler getAndroidViewsHandler$ui_release()
androidx.core.view.ViewCompat$Api23Impl: androidx.core.view.WindowInsetsCompat getRootWindowInsets(android.view.View)
androidx.core.app.NotificationCompatBuilder$Api29Impl: android.app.Notification$Builder setLocusId(android.app.Notification$Builder,java.lang.Object)
androidx.core.view.WindowInsetsCompat$Impl28: androidx.core.view.WindowInsetsCompat consumeDisplayCutout()
androidx.core.view.accessibility.AccessibilityNodeInfoCompat$Api33Impl: java.lang.String getCollectionItemRowTitle(java.lang.Object)
androidx.compose.ui.text.android.StaticLayoutFactoryImpl: android.text.StaticLayout create(androidx.compose.ui.text.android.StaticLayoutParams)
androidx.datastore.preferences.protobuf.WireFormat$JavaType: androidx.datastore.preferences.protobuf.WireFormat$JavaType[] values()
androidx.compose.ui.text.android.BoringLayoutFactory33: android.text.BoringLayout$Metrics isBoring(java.lang.CharSequence,android.text.TextPaint,android.text.TextDirectionHeuristic)
androidx.compose.foundation.gestures.Orientation: androidx.compose.foundation.gestures.Orientation[] values()
androidx.compose.ui.input.pointer.util.VelocityTracker1D$Strategy: androidx.compose.ui.input.pointer.util.VelocityTracker1D$Strategy[] values()